<?xml version="1.0" encoding="UTF-8"?>
<!-- Generated by org.testng.reporters.JUnitReportReporter -->
<testsuite hostname="Virat" failures="0" tests="1" name="com.swaglabs.testCases.TC_AddProducts_003" time="8.146" errors="0" timestamp="2022-11-17T12:13:18 IST" skipped="0">
  <testcase classname="com.swaglabs.testCases.TC_AddProducts_003" name="AddProducts" time="8.146"/>
  <system-out/>
</testsuite> <!-- com.swaglabs.testCases.TC_AddProducts_003 -->
