<?xml version="1.0" encoding="UTF-8"?>
<!-- Generated by org.testng.reporters.JUnitReportReporter -->
<testsuite hostname="Virat" failures="0" tests="1" name="com.swaglabs.testCases.TC_LoginTest_001" time="0.583" errors="0" timestamp="2022-11-17T10:42:41 IST" skipped="0">
  <testcase classname="com.swaglabs.testCases.TC_LoginTest_001" name="loginTest" time="0.583"/>
  <system-out/>
</testsuite> <!-- com.swaglabs.testCases.TC_LoginTest_001 -->
